This file contains any messages produced by compilers while
running configure, to aid debugging if configure makes a mistake.

configure:557: checking for a BSD compatible install
configure:614: checking whether build environment is sane
configure:671: checking whether make sets ${MAKE}
configure:718: checking for working aclocal
configure:731: checking for working autoconf
configure:744: checking for working automake
configure:757: checking for working autoheader
configure:770: checking for working makeinfo
configure:787: checking for gcc
configure:900: checking whether the C compiler (gcc   ) works
configure:916: gcc -o conftest    conftest.c  1>&5
configure:942: checking whether the C compiler (gcc   ) is a cross-compiler
configure:947: checking whether we are using GNU C
configure:975: checking whether gcc accepts -g
configure:1008: checking for main in -lm
configure:1053: checking how to run the C preprocessor
configure:1133: checking for ANSI C header files
configure:1240: checking for unistd.h
configure:1278: checking for working const
configure:1353: checking for size_t
